<?xml version="1.0" encoding="UTF-8"?>
<testsuite xmlns:xsi="http://www.w3.org/2001/XMLSchema-instance" xsi:noNamespaceSchemaLocation="https://maven.apache.org/surefire/maven-failsafe-plugin/xsd/failsafe-test-report-3.0.xsd" version="3.0" name="Duckduckgo automated test" time="4.429" tests="1" errors="0" skipped="0" failures="0">
  <properties>
    <property name="gopherProxySet" value="false"/>
    <property name="awt.toolkit" value="sun.lwawt.macosx.LWCToolkit"/>
    <property name="java.specification.version" value="11"/>
    <property name="webdriver.chrome.driver" value="/Users/ryan/.cache/selenium/chromedriver/mac64/92.0.4515.107/chromedriver"/>
    <property name="sun.cpu.isalist" value=""/>
    <property name="sun.jnu.encoding" value="UTF-8"/>
    <property name="java.class.path" value="/Users/ryan/Projects/browserstack-integration/target/test-classes:/Users/ryan/.m2/repository/net/serenity-bdd/serenity-core/2.4.24/serenity-core-2.4.24.jar:/Users/ryan/.m2/repository/net/serenity-bdd/serenity-model/2.4.24/serenity-model-2.4.24.jar:/Users/ryan/.m2/repository/org/apache/commons/commons-text/1.9/commons-text-1.9.jar:/Users/ryan/.m2/repository/commons-net/commons-net/3.6/commons-net-3.6.jar:/Users/ryan/.m2/repository/com/google/guava/guava/30.1-jre/guava-30.1-jre.jar:/Users/ryan/.m2/repository/com/google/guava/failureaccess/1.0.1/failureaccess-1.0.1.jar:/Users/ryan/.m2/repository/com/google/guava/listenablefuture/9999.0-empty-to-avoid-conflict-with-guava/listenablefuture-9999.0-empty-to-avoid-conflict-with-guava.jar:/Users/ryan/.m2/repository/com/google/code/findbugs/jsr305/3.0.2/jsr305-3.0.2.jar:/Users/ryan/.m2/repository/org/checkerframework/checker-qual/3.5.0/checker-qual-3.5.0.jar:/Users/ryan/.m2/repository/com/google/errorprone/error_prone_annotations/2.3.4/error_prone_annotations-2.3.4.jar:/Users/ryan/.m2/repository/com/google/j2objc/j2objc-annotations/1.3/j2objc-annotations-1.3.jar:/Users/ryan/.m2/repository/com/google/inject/guice/5.0.1/guice-5.0.1.jar:/Users/ryan/.m2/repository/javax/inject/javax.inject/1/javax.inject-1.jar:/Users/ryan/.m2/repository/aopalliance/aopalliance/1.0/aopalliance-1.0.jar:/Users/ryan/.m2/repository/org/jsoup/jsoup/1.13.1/jsoup-1.13.1.jar:/Users/ryan/.m2/repository/com/thoughtworks/xstream/xstream/1.4.16/xstream-1.4.16.jar:/Users/ryan/.m2/repository/io/github/x-stream/mxparser/1.2.1/mxparser-1.2.1.jar:/Users/ryan/.m2/repository/xmlpull/xmlpull/1.1.3.1/xmlpull-1.1.3.1.jar:/Users/ryan/.m2/repository/io/cucumber/cucumber-core/6.10.2/cucumber-core-6.10.2.jar:/Users/ryan/.m2/repository/io/cucumber/cucumber-gherkin/6.10.2/cucumber-gherkin-6.10.2.jar:/Users/ryan/.m2/repository/io/cucumber/cucumber-gherkin-messages/6.10.2/cucumber-gherkin-messages-6.10.2.jar:/Users/ryan/.m2/repository/io/cucumber/messages/14.0.1/messages-14.0.1.jar:/Users/ryan/.m2/repository/io/cucumber/tag-expressions/3.0.0/tag-expressions-3.0.0.jar:/Users/ryan/.m2/repository/io/cucumber/cucumber-expressions/10.3.0/cucumber-expressions-10.3.0.jar:/Users/ryan/.m2/repository/io/cucumber/cucumber-plugin/6.10.2/cucumber-plugin-6.10.2.jar:/Users/ryan/.m2/repository/io/cucumber/docstring/6.10.2/docstring-6.10.2.jar:/Users/ryan/.m2/repository/io/cucumber/html-formatter/12.0.0/html-formatter-12.0.0.jar:/Users/ryan/.m2/repository/io/cucumber/create-meta/3.0.0/create-meta-3.0.0.jar:/Users/ryan/.m2/repository/com/typesafe/config/1.3.1/config-1.3.1.jar:/Users/ryan/.m2/repository/org/imgscalr/imgscalr-lib/4.2/imgscalr-lib-4.2.jar:/Users/ryan/.m2/repository/org/awaitility/awaitility/4.0.3/awaitility-4.0.3.jar:/Users/ryan/.m2/repository/org/freemarker/freemarker/2.3.29/freemarker-2.3.29.jar:/Users/ryan/.m2/repository/net/sourceforge/jexcelapi/jxl/2.6.12/jxl-2.6.12.jar:/Users/ryan/.m2/repository/org/asciidoctor/asciidoctorj/1.5.6/asciidoctorj-1.5.6.jar:/Users/ryan/.m2/repository/org/jruby/jruby-complete/1.7.26/jruby-complete-1.7.26.jar:/Users/ryan/.m2/repository/net/bytebuddy/byte-buddy/1.10.10/byte-buddy-1.10.10.jar:/Users/ryan/.m2/repository/net/bytebuddy/byte-buddy-agent/1.10.10/byte-buddy-agent-1.10.10.jar:/Users/ryan/.m2/repository/org/objenesis/objenesis/3.1/objenesis-3.1.jar:/Users/ryan/.m2/repository/net/serenity-bdd/serenity-reports/2.4.24/serenity-reports-2.4.24.jar:/Users/ryan/.m2/repository/net/serenity-bdd/serenity-stats/2.4.24/serenity-stats-2.4.24.jar:/Users/ryan/.m2/repository/net/serenity-bdd/serenity-reports-configuration/2.4.24/serenity-reports-configuration-2.4.24.jar:/Users/ryan/.m2/repository/com/vladsch/flexmark/flexmark-all/0.34.30/flexmark-all-0.34.30.jar:/Users/ryan/.m2/repository/com/vladsch/flexmark/flexmark/0.34.30/flexmark-0.34.30.jar:/Users/ryan/.m2/repository/com/vladsch/flexmark/flexmark-ext-abbreviation/0.34.30/flexmark-ext-abbreviation-0.34.30.jar:/Users/ryan/.m2/repository/com/vladsch/flexmark/flexmark-ext-admonition/0.34.30/flexmark-ext-admonition-0.34.30.jar:/Users/ryan/.m2/repository/com/vladsch/flexmark/flexmark-ext-anchorlink/0.34.30/flexmark-ext-anchorlink-0.34.30.jar:/Users/ryan/.m2/repository/com/vladsch/flexmark/flexmark-ext-aside/0.34.30/flexmark-ext-aside-0.34.30.jar:/Users/ryan/.m2/repository/com/vladsch/flexmark/flexmark-ext-attributes/0.34.30/flexmark-ext-attributes-0.34.30.jar:/Users/ryan/.m2/repository/com/vladsch/flexmark/flexmark-ext-autolink/0.34.30/flexmark-ext-autolink-0.34.30.jar:/Users/ryan/.m2/repository/org/nibor/autolink/autolink/0.6.0/autolink-0.6.0.jar:/Users/ryan/.m2/repository/com/vladsch/flexmark/flexmark-ext-definition/0.34.30/flexmark-ext-definition-0.34.30.jar:/Users/ryan/.m2/repository/com/vladsch/flexmark/flexmark-ext-emoji/0.34.30/flexmark-ext-emoji-0.34.30.jar:/Users/ryan/.m2/repository/com/vladsch/flexmark/flexmark-ext-enumerated-reference/0.34.30/flexmark-ext-enumerated-reference-0.34.30.jar:/Users/ryan/.m2/repository/com/vladsch/flexmark/flexmark-ext-escaped-character/0.34.30/flexmark-ext-escaped-character-0.34.30.jar:/Users/ryan/.m2/repository/com/vladsch/flexmark/flexmark-ext-footnotes/0.34.30/flexmark-ext-footnotes-0.34.30.jar:/Users/ryan/.m2/repository/com/vladsch/flexmark/flexmark-ext-gfm-issues/0.34.30/flexmark-ext-gfm-issues-0.34.30.jar:/Users/ryan/.m2/repository/com/vladsch/flexmark/flexmark-ext-gfm-strikethrough/0.34.30/flexmark-ext-gfm-strikethrough-0.34.30.jar:/Users/ryan/.m2/repository/com/vladsch/flexmark/flexmark-ext-gfm-tables/0.34.30/flexmark-ext-gfm-tables-0.34.30.jar:/Users/ryan/.m2/repository/com/vladsch/flexmark/flexmark-ext-gfm-tasklist/0.34.30/flexmark-ext-gfm-tasklist-0.34.30.jar:/Users/ryan/.m2/repository/com/vladsch/flexmark/flexmark-ext-gfm-users/0.34.30/flexmark-ext-gfm-users-0.34.30.jar:/Users/ryan/.m2/repository/com/vladsch/flexmark/flexmark-ext-gitlab/0.34.30/flexmark-ext-gitlab-0.34.30.jar:/Users/ryan/.m2/repository/com/vladsch/flexmark/flexmark-ext-jekyll-front-matter/0.34.30/flexmark-ext-jekyll-front-matter-0.34.30.jar:/Users/ryan/.m2/repository/com/vladsch/flexmark/flexmark-ext-jekyll-tag/0.34.30/flexmark-ext-jekyll-tag-0.34.30.jar:/Users/ryan/.m2/repository/com/vladsch/flexmark/flexmark-ext-media-tags/0.34.30/flexmark-ext-media-tags-0.34.30.jar:/Users/ryan/.m2/repository/com/vladsch/flexmark/flexmark-test-util/0.34.30/flexmark-test-util-0.34.30.jar:/Users/ryan/.m2/repository/com/vladsch/flexmark/flexmark-ext-ins/0.34.30/flexmark-ext-ins-0.34.30.jar:/Users/ryan/.m2/repository/com/vladsch/flexmark/flexmark-ext-xwiki-macros/0.34.30/flexmark-ext-xwiki-macros-0.34.30.jar:/Users/ryan/.m2/repository/com/vladsch/flexmark/flexmark-ext-superscript/0.34.30/flexmark-ext-superscript-0.34.30.jar:/Users/ryan/.m2/repository/com/vladsch/flexmark/flexmark-ext-tables/0.34.30/flexmark-ext-tables-0.34.30.jar:/Users/ryan/.m2/repository/com/vladsch/flexmark/flexmark-ext-toc/0.34.30/flexmark-ext-toc-0.34.30.jar:/Users/ryan/.m2/repository/com/vladsch/flexmark/flexmark-ext-typographic/0.34.30/flexmark-ext-typographic-0.34.30.jar:/Users/ryan/.m2/repository/com/vladsch/flexmark/flexmark-ext-wikilink/0.34.30/flexmark-ext-wikilink-0.34.30.jar:/Users/ryan/.m2/repository/com/vladsch/flexmark/flexmark-ext-yaml-front-matter/0.34.30/flexmark-ext-yaml-front-matter-0.34.30.jar:/Users/ryan/.m2/repository/com/vladsch/flexmark/flexmark-ext-youtube-embedded/0.34.30/flexmark-ext-youtube-embedded-0.34.30.jar:/Users/ryan/.m2/repository/com/vladsch/flexmark/flexmark-formatter/0.34.30/flexmark-formatter-0.34.30.jar:/Users/ryan/.m2/repository/com/vladsch/flexmark/flexmark-html-parser/0.34.30/flexmark-html-parser-0.34.30.jar:/Users/ryan/.m2/repository/com/vladsch/flexmark/flexmark-jira-converter/0.34.30/flexmark-jira-converter-0.34.30.jar:/Users/ryan/.m2/repository/com/vladsch/flexmark/flexmark-pdf-converter/0.34.30/flexmark-pdf-converter-0.34.30.jar:/Users/ryan/.m2/repository/com/openhtmltopdf/openhtmltopdf-core/0.0.1-RC13/openhtmltopdf-core-0.0.1-RC13.jar:/Users/ryan/.m2/repository/com/openhtmltopdf/openhtmltopdf-pdfbox/0.0.1-RC13/openhtmltopdf-pdfbox-0.0.1-RC13.jar:/Users/ryan/.m2/repository/org/apache/pdfbox/pdfbox/2.0.8/pdfbox-2.0.8.jar:/Users/ryan/.m2/repository/org/apache/pdfbox/fontbox/2.0.8/fontbox-2.0.8.jar:/Users/ryan/.m2/repository/org/apache/pdfbox/xmpbox/2.0.8/xmpbox-2.0.8.jar:/Users/ryan/.m2/repository/de/rototor/pdfbox/graphics2d/0.12/graphics2d-0.12.jar:/Users/ryan/.m2/repository/com/openhtmltopdf/openhtmltopdf-rtl-support/0.0.1-RC13/openhtmltopdf-rtl-support-0.0.1-RC13.jar:/Users/ryan/.m2/repository/com/ibm/icu/icu4j/59.1/icu4j-59.1.jar:/Users/ryan/.m2/repository/com/openhtmltopdf/openhtmltopdf-jsoup-dom-converter/0.0.1-RC13/openhtmltopdf-jsoup-dom-converter-0.0.1-RC13.jar:/Users/ryan/.m2/repository/com/vladsch/flexmark/flexmark-profile-pegdown/0.34.30/flexmark-profile-pegdown-0.34.30.jar:/Users/ryan/.m2/repository/com/vladsch/flexmark/flexmark-util/0.34.30/flexmark-util-0.34.30.jar:/Users/ryan/.m2/repository/com/vladsch/flexmark/flexmark-youtrack-converter/0.34.30/flexmark-youtrack-converter-0.34.30.jar:/Users/ryan/.m2/repository/es/nitaur/markdown/txtmark/0.16/txtmark-0.16.jar:/Users/ryan/.m2/repository/net/serenity-bdd/serenity-report-resources/2.4.24/serenity-report-resources-2.4.24.jar:/Users/ryan/.m2/repository/com/google/code/gson/gson/2.8.6/gson-2.8.6.jar:/Users/ryan/.m2/repository/commons-codec/commons-codec/1.15/commons-codec-1.15.jar:/Users/ryan/.m2/repository/commons-io/commons-io/2.8.0/commons-io-2.8.0.jar:/Users/ryan/.m2/repository/org/seleniumhq/selenium/selenium-server/3.141.59/selenium-server-3.141.59.jar:/Users/ryan/.m2/repository/org/seleniumhq/selenium/selenium-opera-driver/3.141.59/selenium-opera-driver-3.141.59.jar:/Users/ryan/.m2/repository/org/seleniumhq/selenium/selenium-remote-driver/3.141.59/selenium-remote-driver-3.141.59.jar:/Users/ryan/.m2/repository/org/seleniumhq/selenium/selenium-safari-driver/3.141.59/selenium-safari-driver-3.141.59.jar:/Users/ryan/.m2/repository/com/beust/jcommander/1.72/jcommander-1.72.jar:/Users/ryan/.m2/repository/org/apache/commons/commons-exec/1.3/commons-exec-1.3.jar:/Users/ryan/.m2/repository/net/jcip/jcip-annotations/1.0/jcip-annotations-1.0.jar:/Users/ryan/.m2/repository/org/seleniumhq/selenium/jetty-repacked/9.4.12.v20180830/jetty-repacked-9.4.12.v20180830.jar:/Users/ryan/.m2/repository/com/squareup/okhttp3/okhttp/3.11.0/okhttp-3.11.0.jar:/Users/ryan/.m2/repository/com/squareup/okio/okio/1.14.0/okio-1.14.0.jar:/Users/ryan/.m2/repository/javax/servlet/javax.servlet-api/3.1.0/javax.servlet-api-3.1.0.jar:/Users/ryan/.m2/repository/org/yaml/snakeyaml/1.19/snakeyaml-1.19.jar:/Users/ryan/.m2/repository/org/seleniumhq/selenium/selenium-java/3.141.59/selenium-java-3.141.59.jar:/Users/ryan/.m2/repository/org/seleniumhq/selenium/selenium-api/3.141.59/selenium-api-3.141.59.jar:/Users/ryan/.m2/repository/org/seleniumhq/selenium/selenium-support/3.141.59/selenium-support-3.141.59.jar:/Users/ryan/.m2/repository/org/seleniumhq/selenium/selenium-chrome-driver/3.141.59/selenium-chrome-driver-3.141.59.jar:/Users/ryan/.m2/repository/org/seleniumhq/selenium/selenium-firefox-driver/3.141.59/selenium-firefox-driver-3.141.59.jar:/Users/ryan/.m2/repository/org/seleniumhq/selenium/selenium-edge-driver/3.141.59/selenium-edge-driver-3.141.59.jar:/Users/ryan/.m2/repository/org/seleniumhq/selenium/selenium-ie-driver/3.141.59/selenium-ie-driver-3.141.59.jar:/Users/ryan/.m2/repository/net/sourceforge/htmlunit/htmlunit/2.47.1/htmlunit-2.47.1.jar:/Users/ryan/.m2/repository/xalan/xalan/2.7.2/xalan-2.7.2.jar:/Users/ryan/.m2/repository/xalan/serializer/2.7.2/serializer-2.7.2.jar:/Users/ryan/.m2/repository/net/sourceforge/htmlunit/htmlunit-core-js/2.47.0/htmlunit-core-js-2.47.0.jar:/Users/ryan/.m2/repository/net/sourceforge/htmlunit/neko-htmlunit/2.47.1/neko-htmlunit-2.47.1.jar:/Users/ryan/.m2/repository/xerces/xercesImpl/2.12.0/xercesImpl-2.12.0.jar:/Users/ryan/.m2/repository/xml-apis/xml-apis/1.4.01/xml-apis-1.4.01.jar:/Users/ryan/.m2/repository/net/sourceforge/htmlunit/htmlunit-cssparser/1.7.0/htmlunit-cssparser-1.7.0.jar:/Users/ryan/.m2/repository/org/brotli/dec/0.1.2/dec-0.1.2.jar:/Users/ryan/.m2/repository/com/shapesecurity/salvation2/3.0.0/salvation2-3.0.0.jar:/Users/ryan/.m2/repository/org/eclipse/jetty/websocket/websocket-client/9.4.36.v20210114/websocket-client-9.4.36.v20210114.jar:/Users/ryan/.m2/repository/org/eclipse/jetty/jetty-client/9.4.36.v20210114/jetty-client-9.4.36.v20210114.jar:/Users/ryan/.m2/repository/org/eclipse/jetty/jetty-http/9.4.36.v20210114/jetty-http-9.4.36.v20210114.jar:/Users/ryan/.m2/repository/org/eclipse/jetty/jetty-util/9.4.36.v20210114/jetty-util-9.4.36.v20210114.jar:/Users/ryan/.m2/repository/org/eclipse/jetty/jetty-io/9.4.36.v20210114/jetty-io-9.4.36.v20210114.jar:/Users/ryan/.m2/repository/org/eclipse/jetty/websocket/websocket-common/9.4.36.v20210114/websocket-common-9.4.36.v20210114.jar:/Users/ryan/.m2/repository/org/eclipse/jetty/websocket/websocket-api/9.4.36.v20210114/websocket-api-9.4.36.v20210114.jar:/Users/ryan/.m2/repository/org/seleniumhq/selenium/htmlunit-driver/2.47.1/htmlunit-driver-2.47.1.jar:/Users/ryan/.m2/repository/com/codeborne/phantomjsdriver/1.4.4/phantomjsdriver-1.4.4.jar:/Users/ryan/.m2/repository/io/appium/java-client/7.5.1/java-client-7.5.1.jar:/Users/ryan/.m2/repository/commons-validator/commons-validator/1.7/commons-validator-1.7.jar:/Users/ryan/.m2/repository/commons-digester/commons-digester/2.1/commons-digester-2.1.jar:/Users/ryan/.m2/repository/org/aspectj/aspectjweaver/1.9.6/aspectjweaver-1.9.6.jar:/Users/ryan/.m2/repository/org/codehaus/groovy/groovy/3.0.8/groovy-3.0.8.jar:/Users/ryan/.m2/repository/net/sf/opencsv/opencsv/2.0/opencsv-2.0.jar:/Users/ryan/.m2/repository/commons-beanutils/commons-beanutils/1.9.4/commons-beanutils-1.9.4.jar:/Users/ryan/.m2/repository/org/apache/commons/commons-lang3/3.11/commons-lang3-3.11.jar:/Users/ryan/.m2/repository/commons-collections/commons-collections/3.2.2/commons-collections-3.2.2.jar:/Users/ryan/.m2/repository/org/fluentlenium/fluentlenium-core/0.10.2/fluentlenium-core-0.10.2.jar:/Users/ryan/.m2/repository/io/github/bonigarcia/webdrivermanager/4.4.1/webdrivermanager-4.4.1.jar:/Users/ryan/.m2/repository/org/apache/httpcomponents/client5/httpclient5/5.0.3/httpclient5-5.0.3.jar:/Users/ryan/.m2/repository/org/apache/httpcomponents/core5/httpcore5/5.0.2/httpcore5-5.0.2.jar:/Users/ryan/.m2/repository/org/apache/httpcomponents/core5/httpcore5-h2/5.0.2/httpcore5-h2-5.0.2.jar:/Users/ryan/.m2/repository/org/rauschig/jarchivelib/1.1.0/jarchivelib-1.1.0.jar:/Users/ryan/.m2/repository/org/apache/commons/commons-compress/1.20/commons-compress-1.20.jar:/Users/ryan/.m2/repository/com/jhlabs/filters/2.0.235/filters-2.0.235.jar:/Users/ryan/.m2/repository/com/assertthat/selenium-shutterbug/1.4/selenium-shutterbug-1.4.jar:/Users/ryan/.m2/repository/org/projectlombok/lombok/1.18.8/lombok-1.18.8.jar:/Users/ryan/.m2/repository/com/github/zafarkhaja/java-semver/0.9.0/java-semver-0.9.0.jar:/Users/ryan/.m2/repository/ru/yandex/qatools/ashot/ashot/1.5.4/ashot-1.5.4.jar:/Users/ryan/.m2/repository/com/paulhammant/ngwebdriver/1.1.5/ngwebdriver-1.1.5.jar:/Users/ryan/.m2/repository/joda-time/joda-time/2.8.2/joda-time-2.8.2.jar:/Users/ryan/.m2/repository/org/hamcrest/hamcrest/2.2/hamcrest-2.2.jar:/Users/ryan/.m2/repository/com/google/jimfs/jimfs/1.1/jimfs-1.1.jar:/Users/ryan/.m2/repository/org/mockito/mockito-core/3.3.3/mockito-core-3.3.3.jar:/Users/ryan/.m2/repository/javax/xml/bind/jaxb-api/2.3.1/jaxb-api-2.3.1.jar:/Users/ryan/.m2/repository/javax/activation/javax.activation-api/1.2.0/javax.activation-api-1.2.0.jar:/Users/ryan/.m2/repository/com/sun/xml/bind/jaxb-core/2.3.0.1/jaxb-core-2.3.0.1.jar:/Users/ryan/.m2/repository/com/sun/xml/bind/jaxb-impl/2.3.3/jaxb-impl-2.3.3.jar:/Users/ryan/.m2/repository/jakarta/xml/bind/jakarta.xml.bind-api/2.3.3/jakarta.xml.bind-api-2.3.3.jar:/Users/ryan/.m2/repository/com/sun/activation/jakarta.activation/1.2.2/jakarta.activation-1.2.2.jar:/Users/ryan/.m2/repository/javax/activation/activation/1.1.1/activation-1.1.1.jar:/Users/ryan/.m2/repository/net/serenity-bdd/serenity-cucumber6/2.4.24/serenity-cucumber6-2.4.24.jar:/Users/ryan/.m2/repository/io/cucumber/cucumber-java/6.10.2/cucumber-java-6.10.2.jar:/Users/ryan/.m2/repository/org/apiguardian/apiguardian-api/1.1.1/apiguardian-api-1.1.1.jar:/Users/ryan/.m2/repository/io/cucumber/cucumber-junit/6.10.2/cucumber-junit-6.10.2.jar:/Users/ryan/.m2/repository/io/cucumber/datatable-matchers/3.4.0/datatable-matchers-3.4.0.jar:/Users/ryan/.m2/repository/io/cucumber/datatable/3.4.0/datatable-3.4.0.jar:/Users/ryan/.m2/repository/commons-logging/commons-logging/1.2/commons-logging-1.2.jar:/Users/ryan/.m2/repository/org/apache/commons/commons-csv/1.5/commons-csv-1.5.jar:/Users/ryan/.m2/repository/net/serenity-bdd/serenity-screenplay/2.4.24/serenity-screenplay-2.4.24.jar:/Users/ryan/.m2/repository/net/serenity-bdd/serenity-screenplay-webdriver/2.4.24/serenity-screenplay-webdriver-2.4.24.jar:/Users/ryan/.m2/repository/net/serenity-bdd/serenity-ensure/2.4.24/serenity-ensure-2.4.24.jar:/Users/ryan/.m2/repository/net/serenity-bdd/serenity-junit/2.4.24/serenity-junit-2.4.24.jar:/Users/ryan/.m2/repository/org/jetbrains/kotlin/kotlin-stdlib/1.4.31/kotlin-stdlib-1.4.31.jar:/Users/ryan/.m2/repository/org/jetbrains/kotlin/kotlin-stdlib-common/1.4.31/kotlin-stdlib-common-1.4.31.jar:/Users/ryan/.m2/repository/org/jetbrains/annotations/13.0/annotations-13.0.jar:/Users/ryan/.m2/repository/junit/junit/4.13.1/junit-4.13.1.jar:/Users/ryan/.m2/repository/org/hamcrest/hamcrest-core/1.3/hamcrest-core-1.3.jar:/Users/ryan/.m2/repository/ch/qos/logback/logback-classic/1.0.13/logback-classic-1.0.13.jar:/Users/ryan/.m2/repository/ch/qos/logback/logback-core/1.0.13/logback-core-1.0.13.jar:/Users/ryan/.m2/repository/org/slf4j/slf4j-api/1.7.5/slf4j-api-1.7.5.jar:/Users/ryan/.m2/repository/org/assertj/assertj-core/3.6.2/assertj-core-3.6.2.jar:/Users/ryan/.m2/repository/io/rest-assured/rest-assured/4.3.2/rest-assured-4.3.2.jar:/Users/ryan/.m2/repository/org/codehaus/groovy/groovy-xml/3.0.6/groovy-xml-3.0.6.jar:/Users/ryan/.m2/repository/org/apache/httpcomponents/httpclient/4.5.3/httpclient-4.5.3.jar:/Users/ryan/.m2/repository/org/apache/httpcomponents/httpcore/4.4.6/httpcore-4.4.6.jar:/Users/ryan/.m2/repository/org/apache/httpcomponents/httpmime/4.5.3/httpmime-4.5.3.jar:/Users/ryan/.m2/repository/org/ccil/cowan/tagsoup/tagsoup/1.2.1/tagsoup-1.2.1.jar:/Users/ryan/.m2/repository/io/rest-assured/json-path/4.3.2/json-path-4.3.2.jar:/Users/ryan/.m2/repository/io/rest-assured/rest-assured-common/4.3.2/rest-assured-common-4.3.2.jar:/Users/ryan/.m2/repository/io/rest-assured/xml-path/4.3.2/xml-path-4.3.2.jar:/Users/ryan/.m2/repository/net/serenity-bdd/serenity-rest-assured/2.4.34/serenity-rest-assured-2.4.34.jar:/Users/ryan/.m2/repository/org/codehaus/groovy/groovy-json/3.0.8/groovy-json-3.0.8.jar:/Users/ryan/.m2/repository/org/opentest4j/opentest4j/1.2.0/opentest4j-1.2.0.jar:/Users/ryan/.m2/repository/com/browserstack/browserstack-local-java/1.0.6/browserstack-local-java-1.0.6.jar:/Users/ryan/.m2/repository/org/json/json/20160212/json-20160212.jar:"/>
    <property name="java.vm.vendor" value="AdoptOpenJDK"/>
    <property name="sun.arch.data.model" value="64"/>
    <property name="java.vendor.url" value="https://adoptopenjdk.net/"/>
    <property name="user.timezone" value="Europe/London"/>
    <property name="java.vm.specification.version" value="11"/>
    <property name="os.name" value="Mac OS X"/>
    <property name="sun.java.launcher" value="SUN_STANDARD"/>
    <property name="user.country" value="GB"/>
    <property name="taskID" value="1"/>
    <property name="sun.boot.library.path" value="/Library/Java/JavaVirtualMachines/adoptopenjdk-11.jdk/Contents/Home/lib"/>
    <property name="sun.java.command" value="org.apache.maven.surefire.booter.ForkedBooter /Users/ryan/Projects/browserstack-integration/target/surefire 2021-08-02T15-42-28_016-jvmRun1 surefire5520983864333426417tmp surefire_03402305343798352890tmp"/>
    <property name="http.nonProxyHosts" value="local|*.local|169.254/16|*.169.254/16"/>
    <property name="jdk.debug" value="release"/>
    <property name="surefire.test.class.path" value="/Users/ryan/Projects/browserstack-integration/target/test-classes:/Users/ryan/.m2/repository/net/serenity-bdd/serenity-core/2.4.24/serenity-core-2.4.24.jar:/Users/ryan/.m2/repository/net/serenity-bdd/serenity-model/2.4.24/serenity-model-2.4.24.jar:/Users/ryan/.m2/repository/org/apache/commons/commons-text/1.9/commons-text-1.9.jar:/Users/ryan/.m2/repository/commons-net/commons-net/3.6/commons-net-3.6.jar:/Users/ryan/.m2/repository/com/google/guava/guava/30.1-jre/guava-30.1-jre.jar:/Users/ryan/.m2/repository/com/google/guava/failureaccess/1.0.1/failureaccess-1.0.1.jar:/Users/ryan/.m2/repository/com/google/guava/listenablefuture/9999.0-empty-to-avoid-conflict-with-guava/listenablefuture-9999.0-empty-to-avoid-conflict-with-guava.jar:/Users/ryan/.m2/repository/com/google/code/findbugs/jsr305/3.0.2/jsr305-3.0.2.jar:/Users/ryan/.m2/repository/org/checkerframework/checker-qual/3.5.0/checker-qual-3.5.0.jar:/Users/ryan/.m2/repository/com/google/errorprone/error_prone_annotations/2.3.4/error_prone_annotations-2.3.4.jar:/Users/ryan/.m2/repository/com/google/j2objc/j2objc-annotations/1.3/j2objc-annotations-1.3.jar:/Users/ryan/.m2/repository/com/google/inject/guice/5.0.1/guice-5.0.1.jar:/Users/ryan/.m2/repository/javax/inject/javax.inject/1/javax.inject-1.jar:/Users/ryan/.m2/repository/aopalliance/aopalliance/1.0/aopalliance-1.0.jar:/Users/ryan/.m2/repository/org/jsoup/jsoup/1.13.1/jsoup-1.13.1.jar:/Users/ryan/.m2/repository/com/thoughtworks/xstream/xstream/1.4.16/xstream-1.4.16.jar:/Users/ryan/.m2/repository/io/github/x-stream/mxparser/1.2.1/mxparser-1.2.1.jar:/Users/ryan/.m2/repository/xmlpull/xmlpull/1.1.3.1/xmlpull-1.1.3.1.jar:/Users/ryan/.m2/repository/io/cucumber/cucumber-core/6.10.2/cucumber-core-6.10.2.jar:/Users/ryan/.m2/repository/io/cucumber/cucumber-gherkin/6.10.2/cucumber-gherkin-6.10.2.jar:/Users/ryan/.m2/repository/io/cucumber/cucumber-gherkin-messages/6.10.2/cucumber-gherkin-messages-6.10.2.jar:/Users/ryan/.m2/repository/io/cucumber/messages/14.0.1/messages-14.0.1.jar:/Users/ryan/.m2/repository/io/cucumber/tag-expressions/3.0.0/tag-expressions-3.0.0.jar:/Users/ryan/.m2/repository/io/cucumber/cucumber-expressions/10.3.0/cucumber-expressions-10.3.0.jar:/Users/ryan/.m2/repository/io/cucumber/cucumber-plugin/6.10.2/cucumber-plugin-6.10.2.jar:/Users/ryan/.m2/repository/io/cucumber/docstring/6.10.2/docstring-6.10.2.jar:/Users/ryan/.m2/repository/io/cucumber/html-formatter/12.0.0/html-formatter-12.0.0.jar:/Users/ryan/.m2/repository/io/cucumber/create-meta/3.0.0/create-meta-3.0.0.jar:/Users/ryan/.m2/repository/com/typesafe/config/1.3.1/config-1.3.1.jar:/Users/ryan/.m2/repository/org/imgscalr/imgscalr-lib/4.2/imgscalr-lib-4.2.jar:/Users/ryan/.m2/repository/org/awaitility/awaitility/4.0.3/awaitility-4.0.3.jar:/Users/ryan/.m2/repository/org/freemarker/freemarker/2.3.29/freemarker-2.3.29.jar:/Users/ryan/.m2/repository/net/sourceforge/jexcelapi/jxl/2.6.12/jxl-2.6.12.jar:/Users/ryan/.m2/repository/org/asciidoctor/asciidoctorj/1.5.6/asciidoctorj-1.5.6.jar:/Users/ryan/.m2/repository/org/jruby/jruby-complete/1.7.26/jruby-complete-1.7.26.jar:/Users/ryan/.m2/repository/net/bytebuddy/byte-buddy/1.10.10/byte-buddy-1.10.10.jar:/Users/ryan/.m2/repository/net/bytebuddy/byte-buddy-agent/1.10.10/byte-buddy-agent-1.10.10.jar:/Users/ryan/.m2/repository/org/objenesis/objenesis/3.1/objenesis-3.1.jar:/Users/ryan/.m2/repository/net/serenity-bdd/serenity-reports/2.4.24/serenity-reports-2.4.24.jar:/Users/ryan/.m2/repository/net/serenity-bdd/serenity-stats/2.4.24/serenity-stats-2.4.24.jar:/Users/ryan/.m2/repository/net/serenity-bdd/serenity-reports-configuration/2.4.24/serenity-reports-configuration-2.4.24.jar:/Users/ryan/.m2/repository/com/vladsch/flexmark/flexmark-all/0.34.30/flexmark-all-0.34.30.jar:/Users/ryan/.m2/repository/com/vladsch/flexmark/flexmark/0.34.30/flexmark-0.34.30.jar:/Users/ryan/.m2/repository/com/vladsch/flexmark/flexmark-ext-abbreviation/0.34.30/flexmark-ext-abbreviation-0.34.30.jar:/Users/ryan/.m2/repository/com/vladsch/flexmark/flexmark-ext-admonition/0.34.30/flexmark-ext-admonition-0.34.30.jar:/Users/ryan/.m2/repository/com/vladsch/flexmark/flexmark-ext-anchorlink/0.34.30/flexmark-ext-anchorlink-0.34.30.jar:/Users/ryan/.m2/repository/com/vladsch/flexmark/flexmark-ext-aside/0.34.30/flexmark-ext-aside-0.34.30.jar:/Users/ryan/.m2/repository/com/vladsch/flexmark/flexmark-ext-attributes/0.34.30/flexmark-ext-attributes-0.34.30.jar:/Users/ryan/.m2/repository/com/vladsch/flexmark/flexmark-ext-autolink/0.34.30/flexmark-ext-autolink-0.34.30.jar:/Users/ryan/.m2/repository/org/nibor/autolink/autolink/0.6.0/autolink-0.6.0.jar:/Users/ryan/.m2/repository/com/vladsch/flexmark/flexmark-ext-definition/0.34.30/flexmark-ext-definition-0.34.30.jar:/Users/ryan/.m2/repository/com/vladsch/flexmark/flexmark-ext-emoji/0.34.30/flexmark-ext-emoji-0.34.30.jar:/Users/ryan/.m2/repository/com/vladsch/flexmark/flexmark-ext-enumerated-reference/0.34.30/flexmark-ext-enumerated-reference-0.34.30.jar:/Users/ryan/.m2/repository/com/vladsch/flexmark/flexmark-ext-escaped-character/0.34.30/flexmark-ext-escaped-character-0.34.30.jar:/Users/ryan/.m2/repository/com/vladsch/flexmark/flexmark-ext-footnotes/0.34.30/flexmark-ext-footnotes-0.34.30.jar:/Users/ryan/.m2/repository/com/vladsch/flexmark/flexmark-ext-gfm-issues/0.34.30/flexmark-ext-gfm-issues-0.34.30.jar:/Users/ryan/.m2/repository/com/vladsch/flexmark/flexmark-ext-gfm-strikethrough/0.34.30/flexmark-ext-gfm-strikethrough-0.34.30.jar:/Users/ryan/.m2/repository/com/vladsch/flexmark/flexmark-ext-gfm-tables/0.34.30/flexmark-ext-gfm-tables-0.34.30.jar:/Users/ryan/.m2/repository/com/vladsch/flexmark/flexmark-ext-gfm-tasklist/0.34.30/flexmark-ext-gfm-tasklist-0.34.30.jar:/Users/ryan/.m2/repository/com/vladsch/flexmark/flexmark-ext-gfm-users/0.34.30/flexmark-ext-gfm-users-0.34.30.jar:/Users/ryan/.m2/repository/com/vladsch/flexmark/flexmark-ext-gitlab/0.34.30/flexmark-ext-gitlab-0.34.30.jar:/Users/ryan/.m2/repository/com/vladsch/flexmark/flexmark-ext-jekyll-front-matter/0.34.30/flexmark-ext-jekyll-front-matter-0.34.30.jar:/Users/ryan/.m2/repository/com/vladsch/flexmark/flexmark-ext-jekyll-tag/0.34.30/flexmark-ext-jekyll-tag-0.34.30.jar:/Users/ryan/.m2/repository/com/vladsch/flexmark/flexmark-ext-media-tags/0.34.30/flexmark-ext-media-tags-0.34.30.jar:/Users/ryan/.m2/repository/com/vladsch/flexmark/flexmark-test-util/0.34.30/flexmark-test-util-0.34.30.jar:/Users/ryan/.m2/repository/com/vladsch/flexmark/flexmark-ext-ins/0.34.30/flexmark-ext-ins-0.34.30.jar:/Users/ryan/.m2/repository/com/vladsch/flexmark/flexmark-ext-xwiki-macros/0.34.30/flexmark-ext-xwiki-macros-0.34.30.jar:/Users/ryan/.m2/repository/com/vladsch/flexmark/flexmark-ext-superscript/0.34.30/flexmark-ext-superscript-0.34.30.jar:/Users/ryan/.m2/repository/com/vladsch/flexmark/flexmark-ext-tables/0.34.30/flexmark-ext-tables-0.34.30.jar:/Users/ryan/.m2/repository/com/vladsch/flexmark/flexmark-ext-toc/0.34.30/flexmark-ext-toc-0.34.30.jar:/Users/ryan/.m2/repository/com/vladsch/flexmark/flexmark-ext-typographic/0.34.30/flexmark-ext-typographic-0.34.30.jar:/Users/ryan/.m2/repository/com/vladsch/flexmark/flexmark-ext-wikilink/0.34.30/flexmark-ext-wikilink-0.34.30.jar:/Users/ryan/.m2/repository/com/vladsch/flexmark/flexmark-ext-yaml-front-matter/0.34.30/flexmark-ext-yaml-front-matter-0.34.30.jar:/Users/ryan/.m2/repository/com/vladsch/flexmark/flexmark-ext-youtube-embedded/0.34.30/flexmark-ext-youtube-embedded-0.34.30.jar:/Users/ryan/.m2/repository/com/vladsch/flexmark/flexmark-formatter/0.34.30/flexmark-formatter-0.34.30.jar:/Users/ryan/.m2/repository/com/vladsch/flexmark/flexmark-html-parser/0.34.30/flexmark-html-parser-0.34.30.jar:/Users/ryan/.m2/repository/com/vladsch/flexmark/flexmark-jira-converter/0.34.30/flexmark-jira-converter-0.34.30.jar:/Users/ryan/.m2/repository/com/vladsch/flexmark/flexmark-pdf-converter/0.34.30/flexmark-pdf-converter-0.34.30.jar:/Users/ryan/.m2/repository/com/openhtmltopdf/openhtmltopdf-core/0.0.1-RC13/openhtmltopdf-core-0.0.1-RC13.jar:/Users/ryan/.m2/repository/com/openhtmltopdf/openhtmltopdf-pdfbox/0.0.1-RC13/openhtmltopdf-pdfbox-0.0.1-RC13.jar:/Users/ryan/.m2/repository/org/apache/pdfbox/pdfbox/2.0.8/pdfbox-2.0.8.jar:/Users/ryan/.m2/repository/org/apache/pdfbox/fontbox/2.0.8/fontbox-2.0.8.jar:/Users/ryan/.m2/repository/org/apache/pdfbox/xmpbox/2.0.8/xmpbox-2.0.8.jar:/Users/ryan/.m2/repository/de/rototor/pdfbox/graphics2d/0.12/graphics2d-0.12.jar:/Users/ryan/.m2/repository/com/openhtmltopdf/openhtmltopdf-rtl-support/0.0.1-RC13/openhtmltopdf-rtl-support-0.0.1-RC13.jar:/Users/ryan/.m2/repository/com/ibm/icu/icu4j/59.1/icu4j-59.1.jar:/Users/ryan/.m2/repository/com/openhtmltopdf/openhtmltopdf-jsoup-dom-converter/0.0.1-RC13/openhtmltopdf-jsoup-dom-converter-0.0.1-RC13.jar:/Users/ryan/.m2/repository/com/vladsch/flexmark/flexmark-profile-pegdown/0.34.30/flexmark-profile-pegdown-0.34.30.jar:/Users/ryan/.m2/repository/com/vladsch/flexmark/flexmark-util/0.34.30/flexmark-util-0.34.30.jar:/Users/ryan/.m2/repository/com/vladsch/flexmark/flexmark-youtrack-converter/0.34.30/flexmark-youtrack-converter-0.34.30.jar:/Users/ryan/.m2/repository/es/nitaur/markdown/txtmark/0.16/txtmark-0.16.jar:/Users/ryan/.m2/repository/net/serenity-bdd/serenity-report-resources/2.4.24/serenity-report-resources-2.4.24.jar:/Users/ryan/.m2/repository/com/google/code/gson/gson/2.8.6/gson-2.8.6.jar:/Users/ryan/.m2/repository/commons-codec/commons-codec/1.15/commons-codec-1.15.jar:/Users/ryan/.m2/repository/commons-io/commons-io/2.8.0/commons-io-2.8.0.jar:/Users/ryan/.m2/repository/org/seleniumhq/selenium/selenium-server/3.141.59/selenium-server-3.141.59.jar:/Users/ryan/.m2/repository/org/seleniumhq/selenium/selenium-opera-driver/3.141.59/selenium-opera-driver-3.141.59.jar:/Users/ryan/.m2/repository/org/seleniumhq/selenium/selenium-remote-driver/3.141.59/selenium-remote-driver-3.141.59.jar:/Users/ryan/.m2/repository/org/seleniumhq/selenium/selenium-safari-driver/3.141.59/selenium-safari-driver-3.141.59.jar:/Users/ryan/.m2/repository/com/beust/jcommander/1.72/jcommander-1.72.jar:/Users/ryan/.m2/repository/org/apache/commons/commons-exec/1.3/commons-exec-1.3.jar:/Users/ryan/.m2/repository/net/jcip/jcip-annotations/1.0/jcip-annotations-1.0.jar:/Users/ryan/.m2/repository/org/seleniumhq/selenium/jetty-repacked/9.4.12.v20180830/jetty-repacked-9.4.12.v20180830.jar:/Users/ryan/.m2/repository/com/squareup/okhttp3/okhttp/3.11.0/okhttp-3.11.0.jar:/Users/ryan/.m2/repository/com/squareup/okio/okio/1.14.0/okio-1.14.0.jar:/Users/ryan/.m2/repository/javax/servlet/javax.servlet-api/3.1.0/javax.servlet-api-3.1.0.jar:/Users/ryan/.m2/repository/org/yaml/snakeyaml/1.19/snakeyaml-1.19.jar:/Users/ryan/.m2/repository/org/seleniumhq/selenium/selenium-java/3.141.59/selenium-java-3.141.59.jar:/Users/ryan/.m2/repository/org/seleniumhq/selenium/selenium-api/3.141.59/selenium-api-3.141.59.jar:/Users/ryan/.m2/repository/org/seleniumhq/selenium/selenium-support/3.141.59/selenium-support-3.141.59.jar:/Users/ryan/.m2/repository/org/seleniumhq/selenium/selenium-chrome-driver/3.141.59/selenium-chrome-driver-3.141.59.jar:/Users/ryan/.m2/repository/org/seleniumhq/selenium/selenium-firefox-driver/3.141.59/selenium-firefox-driver-3.141.59.jar:/Users/ryan/.m2/repository/org/seleniumhq/selenium/selenium-edge-driver/3.141.59/selenium-edge-driver-3.141.59.jar:/Users/ryan/.m2/repository/org/seleniumhq/selenium/selenium-ie-driver/3.141.59/selenium-ie-driver-3.141.59.jar:/Users/ryan/.m2/repository/net/sourceforge/htmlunit/htmlunit/2.47.1/htmlunit-2.47.1.jar:/Users/ryan/.m2/repository/xalan/xalan/2.7.2/xalan-2.7.2.jar:/Users/ryan/.m2/repository/xalan/serializer/2.7.2/serializer-2.7.2.jar:/Users/ryan/.m2/repository/net/sourceforge/htmlunit/htmlunit-core-js/2.47.0/htmlunit-core-js-2.47.0.jar:/Users/ryan/.m2/repository/net/sourceforge/htmlunit/neko-htmlunit/2.47.1/neko-htmlunit-2.47.1.jar:/Users/ryan/.m2/repository/xerces/xercesImpl/2.12.0/xercesImpl-2.12.0.jar:/Users/ryan/.m2/repository/xml-apis/xml-apis/1.4.01/xml-apis-1.4.01.jar:/Users/ryan/.m2/repository/net/sourceforge/htmlunit/htmlunit-cssparser/1.7.0/htmlunit-cssparser-1.7.0.jar:/Users/ryan/.m2/repository/org/brotli/dec/0.1.2/dec-0.1.2.jar:/Users/ryan/.m2/repository/com/shapesecurity/salvation2/3.0.0/salvation2-3.0.0.jar:/Users/ryan/.m2/repository/org/eclipse/jetty/websocket/websocket-client/9.4.36.v20210114/websocket-client-9.4.36.v20210114.jar:/Users/ryan/.m2/repository/org/eclipse/jetty/jetty-client/9.4.36.v20210114/jetty-client-9.4.36.v20210114.jar:/Users/ryan/.m2/repository/org/eclipse/jetty/jetty-http/9.4.36.v20210114/jetty-http-9.4.36.v20210114.jar:/Users/ryan/.m2/repository/org/eclipse/jetty/jetty-util/9.4.36.v20210114/jetty-util-9.4.36.v20210114.jar:/Users/ryan/.m2/repository/org/eclipse/jetty/jetty-io/9.4.36.v20210114/jetty-io-9.4.36.v20210114.jar:/Users/ryan/.m2/repository/org/eclipse/jetty/websocket/websocket-common/9.4.36.v20210114/websocket-common-9.4.36.v20210114.jar:/Users/ryan/.m2/repository/org/eclipse/jetty/websocket/websocket-api/9.4.36.v20210114/websocket-api-9.4.36.v20210114.jar:/Users/ryan/.m2/repository/org/seleniumhq/selenium/htmlunit-driver/2.47.1/htmlunit-driver-2.47.1.jar:/Users/ryan/.m2/repository/com/codeborne/phantomjsdriver/1.4.4/phantomjsdriver-1.4.4.jar:/Users/ryan/.m2/repository/io/appium/java-client/7.5.1/java-client-7.5.1.jar:/Users/ryan/.m2/repository/commons-validator/commons-validator/1.7/commons-validator-1.7.jar:/Users/ryan/.m2/repository/commons-digester/commons-digester/2.1/commons-digester-2.1.jar:/Users/ryan/.m2/repository/org/aspectj/aspectjweaver/1.9.6/aspectjweaver-1.9.6.jar:/Users/ryan/.m2/repository/org/codehaus/groovy/groovy/3.0.8/groovy-3.0.8.jar:/Users/ryan/.m2/repository/net/sf/opencsv/opencsv/2.0/opencsv-2.0.jar:/Users/ryan/.m2/repository/commons-beanutils/commons-beanutils/1.9.4/commons-beanutils-1.9.4.jar:/Users/ryan/.m2/repository/org/apache/commons/commons-lang3/3.11/commons-lang3-3.11.jar:/Users/ryan/.m2/repository/commons-collections/commons-collections/3.2.2/commons-collections-3.2.2.jar:/Users/ryan/.m2/repository/org/fluentlenium/fluentlenium-core/0.10.2/fluentlenium-core-0.10.2.jar:/Users/ryan/.m2/repository/io/github/bonigarcia/webdrivermanager/4.4.1/webdrivermanager-4.4.1.jar:/Users/ryan/.m2/repository/org/apache/httpcomponents/client5/httpclient5/5.0.3/httpclient5-5.0.3.jar:/Users/ryan/.m2/repository/org/apache/httpcomponents/core5/httpcore5/5.0.2/httpcore5-5.0.2.jar:/Users/ryan/.m2/repository/org/apache/httpcomponents/core5/httpcore5-h2/5.0.2/httpcore5-h2-5.0.2.jar:/Users/ryan/.m2/repository/org/rauschig/jarchivelib/1.1.0/jarchivelib-1.1.0.jar:/Users/ryan/.m2/repository/org/apache/commons/commons-compress/1.20/commons-compress-1.20.jar:/Users/ryan/.m2/repository/com/jhlabs/filters/2.0.235/filters-2.0.235.jar:/Users/ryan/.m2/repository/com/assertthat/selenium-shutterbug/1.4/selenium-shutterbug-1.4.jar:/Users/ryan/.m2/repository/org/projectlombok/lombok/1.18.8/lombok-1.18.8.jar:/Users/ryan/.m2/repository/com/github/zafarkhaja/java-semver/0.9.0/java-semver-0.9.0.jar:/Users/ryan/.m2/repository/ru/yandex/qatools/ashot/ashot/1.5.4/ashot-1.5.4.jar:/Users/ryan/.m2/repository/com/paulhammant/ngwebdriver/1.1.5/ngwebdriver-1.1.5.jar:/Users/ryan/.m2/repository/joda-time/joda-time/2.8.2/joda-time-2.8.2.jar:/Users/ryan/.m2/repository/org/hamcrest/hamcrest/2.2/hamcrest-2.2.jar:/Users/ryan/.m2/repository/com/google/jimfs/jimfs/1.1/jimfs-1.1.jar:/Users/ryan/.m2/repository/org/mockito/mockito-core/3.3.3/mockito-core-3.3.3.jar:/Users/ryan/.m2/repository/javax/xml/bind/jaxb-api/2.3.1/jaxb-api-2.3.1.jar:/Users/ryan/.m2/repository/javax/activation/javax.activation-api/1.2.0/javax.activation-api-1.2.0.jar:/Users/ryan/.m2/repository/com/sun/xml/bind/jaxb-core/2.3.0.1/jaxb-core-2.3.0.1.jar:/Users/ryan/.m2/repository/com/sun/xml/bind/jaxb-impl/2.3.3/jaxb-impl-2.3.3.jar:/Users/ryan/.m2/repository/jakarta/xml/bind/jakarta.xml.bind-api/2.3.3/jakarta.xml.bind-api-2.3.3.jar:/Users/ryan/.m2/repository/com/sun/activation/jakarta.activation/1.2.2/jakarta.activation-1.2.2.jar:/Users/ryan/.m2/repository/javax/activation/activation/1.1.1/activation-1.1.1.jar:/Users/ryan/.m2/repository/net/serenity-bdd/serenity-cucumber6/2.4.24/serenity-cucumber6-2.4.24.jar:/Users/ryan/.m2/repository/io/cucumber/cucumber-java/6.10.2/cucumber-java-6.10.2.jar:/Users/ryan/.m2/repository/org/apiguardian/apiguardian-api/1.1.1/apiguardian-api-1.1.1.jar:/Users/ryan/.m2/repository/io/cucumber/cucumber-junit/6.10.2/cucumber-junit-6.10.2.jar:/Users/ryan/.m2/repository/io/cucumber/datatable-matchers/3.4.0/datatable-matchers-3.4.0.jar:/Users/ryan/.m2/repository/io/cucumber/datatable/3.4.0/datatable-3.4.0.jar:/Users/ryan/.m2/repository/commons-logging/commons-logging/1.2/commons-logging-1.2.jar:/Users/ryan/.m2/repository/org/apache/commons/commons-csv/1.5/commons-csv-1.5.jar:/Users/ryan/.m2/repository/net/serenity-bdd/serenity-screenplay/2.4.24/serenity-screenplay-2.4.24.jar:/Users/ryan/.m2/repository/net/serenity-bdd/serenity-screenplay-webdriver/2.4.24/serenity-screenplay-webdriver-2.4.24.jar:/Users/ryan/.m2/repository/net/serenity-bdd/serenity-ensure/2.4.24/serenity-ensure-2.4.24.jar:/Users/ryan/.m2/repository/net/serenity-bdd/serenity-junit/2.4.24/serenity-junit-2.4.24.jar:/Users/ryan/.m2/repository/org/jetbrains/kotlin/kotlin-stdlib/1.4.31/kotlin-stdlib-1.4.31.jar:/Users/ryan/.m2/repository/org/jetbrains/kotlin/kotlin-stdlib-common/1.4.31/kotlin-stdlib-common-1.4.31.jar:/Users/ryan/.m2/repository/org/jetbrains/annotations/13.0/annotations-13.0.jar:/Users/ryan/.m2/repository/junit/junit/4.13.1/junit-4.13.1.jar:/Users/ryan/.m2/repository/org/hamcrest/hamcrest-core/1.3/hamcrest-core-1.3.jar:/Users/ryan/.m2/repository/ch/qos/logback/logback-classic/1.0.13/logback-classic-1.0.13.jar:/Users/ryan/.m2/repository/ch/qos/logback/logback-core/1.0.13/logback-core-1.0.13.jar:/Users/ryan/.m2/repository/org/slf4j/slf4j-api/1.7.5/slf4j-api-1.7.5.jar:/Users/ryan/.m2/repository/org/assertj/assertj-core/3.6.2/assertj-core-3.6.2.jar:/Users/ryan/.m2/repository/io/rest-assured/rest-assured/4.3.2/rest-assured-4.3.2.jar:/Users/ryan/.m2/repository/org/codehaus/groovy/groovy-xml/3.0.6/groovy-xml-3.0.6.jar:/Users/ryan/.m2/repository/org/apache/httpcomponents/httpclient/4.5.3/httpclient-4.5.3.jar:/Users/ryan/.m2/repository/org/apache/httpcomponents/httpcore/4.4.6/httpcore-4.4.6.jar:/Users/ryan/.m2/repository/org/apache/httpcomponents/httpmime/4.5.3/httpmime-4.5.3.jar:/Users/ryan/.m2/repository/org/ccil/cowan/tagsoup/tagsoup/1.2.1/tagsoup-1.2.1.jar:/Users/ryan/.m2/repository/io/rest-assured/json-path/4.3.2/json-path-4.3.2.jar:/Users/ryan/.m2/repository/io/rest-assured/rest-assured-common/4.3.2/rest-assured-common-4.3.2.jar:/Users/ryan/.m2/repository/io/rest-assured/xml-path/4.3.2/xml-path-4.3.2.jar:/Users/ryan/.m2/repository/net/serenity-bdd/serenity-rest-assured/2.4.34/serenity-rest-assured-2.4.34.jar:/Users/ryan/.m2/repository/org/codehaus/groovy/groovy-json/3.0.8/groovy-json-3.0.8.jar:/Users/ryan/.m2/repository/org/opentest4j/opentest4j/1.2.0/opentest4j-1.2.0.jar:/Users/ryan/.m2/repository/com/browserstack/browserstack-local-java/1.0.6/browserstack-local-java-1.0.6.jar:/Users/ryan/.m2/repository/org/json/json/20160212/json-20160212.jar:"/>
    <property name="sun.cpu.endian" value="little"/>
    <property name="user.home" value="/Users/ryan"/>
    <property name="user.language" value="en"/>
    <property name="java.specification.vendor" value="Oracle Corporation"/>
    <property name="jdk.module.path" value="/Users/ryan/Projects/browserstack-integration/target/browserstackintegration-1.0.0-SNAPSHOT.jar"/>
    <property name="java.version.date" value="2021-01-19"/>
    <property name="java.home" value="/Library/Java/JavaVirtualMachines/adoptopenjdk-11.jdk/Contents/Home"/>
    <property name="file.separator" value="/"/>
    <property name="basedir" value="/Users/ryan/Projects/browserstack-integration"/>
    <property name="java.vm.compressedOopsMode" value="Zero based"/>
    <property name="line.separator" value="&#10;"/>
    <property name="java.specification.name" value="Java Platform API Specification"/>
    <property name="java.vm.specification.vendor" value="Oracle Corporation"/>
    <property name="java.awt.graphicsenv" value="sun.awt.CGraphicsEnvironment"/>
    <property name="surefire.real.class.path" value="/Users/ryan/.m2/repository/org/apache/maven/surefire/surefire-booter/3.0.0-M5/surefire-booter-3.0.0-M5.jar:/Users/ryan/.m2/repository/org/apache/maven/surefire/surefire-api/3.0.0-M5/surefire-api-3.0.0-M5.jar:/Users/ryan/.m2/repository/org/apache/maven/surefire/surefire-logger-api/3.0.0-M5/surefire-logger-api-3.0.0-M5.jar:/Users/ryan/.m2/repository/org/apache/maven/surefire/surefire-shared-utils/3.0.0-M4/surefire-shared-utils-3.0.0-M4.jar:/Users/ryan/.m2/repository/org/apache/maven/surefire/surefire-extensions-spi/3.0.0-M5/surefire-extensions-spi-3.0.0-M5.jar:/Users/ryan/Projects/browserstack-integration/target/test-classes:/Users/ryan/.m2/repository/net/serenity-bdd/serenity-core/2.4.24/serenity-core-2.4.24.jar:/Users/ryan/.m2/repository/net/serenity-bdd/serenity-model/2.4.24/serenity-model-2.4.24.jar:/Users/ryan/.m2/repository/org/apache/commons/commons-text/1.9/commons-text-1.9.jar:/Users/ryan/.m2/repository/commons-net/commons-net/3.6/commons-net-3.6.jar:/Users/ryan/.m2/repository/com/google/guava/guava/30.1-jre/guava-30.1-jre.jar:/Users/ryan/.m2/repository/com/google/guava/failureaccess/1.0.1/failureaccess-1.0.1.jar:/Users/ryan/.m2/repository/com/google/guava/listenablefuture/9999.0-empty-to-avoid-conflict-with-guava/listenablefuture-9999.0-empty-to-avoid-conflict-with-guava.jar:/Users/ryan/.m2/repository/com/google/code/findbugs/jsr305/3.0.2/jsr305-3.0.2.jar:/Users/ryan/.m2/repository/org/checkerframework/checker-qual/3.5.0/checker-qual-3.5.0.jar:/Users/ryan/.m2/repository/com/google/errorprone/error_prone_annotations/2.3.4/error_prone_annotations-2.3.4.jar:/Users/ryan/.m2/repository/com/google/j2objc/j2objc-annotations/1.3/j2objc-annotations-1.3.jar:/Users/ryan/.m2/repository/com/google/inject/guice/5.0.1/guice-5.0.1.jar:/Users/ryan/.m2/repository/javax/inject/javax.inject/1/javax.inject-1.jar:/Users/ryan/.m2/repository/aopalliance/aopalliance/1.0/aopalliance-1.0.jar:/Users/ryan/.m2/repository/org/jsoup/jsoup/1.13.1/jsoup-1.13.1.jar:/Users/ryan/.m2/repository/com/thoughtworks/xstream/xstream/1.4.16/xstream-1.4.16.jar:/Users/ryan/.m2/repository/io/github/x-stream/mxparser/1.2.1/mxparser-1.2.1.jar:/Users/ryan/.m2/repository/xmlpull/xmlpull/1.1.3.1/xmlpull-1.1.3.1.jar:/Users/ryan/.m2/repository/io/cucumber/cucumber-core/6.10.2/cucumber-core-6.10.2.jar:/Users/ryan/.m2/repository/io/cucumber/cucumber-gherkin/6.10.2/cucumber-gherkin-6.10.2.jar:/Users/ryan/.m2/repository/io/cucumber/cucumber-gherkin-messages/6.10.2/cucumber-gherkin-messages-6.10.2.jar:/Users/ryan/.m2/repository/io/cucumber/messages/14.0.1/messages-14.0.1.jar:/Users/ryan/.m2/repository/io/cucumber/tag-expressions/3.0.0/tag-expressions-3.0.0.jar:/Users/ryan/.m2/repository/io/cucumber/cucumber-expressions/10.3.0/cucumber-expressions-10.3.0.jar:/Users/ryan/.m2/repository/io/cucumber/cucumber-plugin/6.10.2/cucumber-plugin-6.10.2.jar:/Users/ryan/.m2/repository/io/cucumber/docstring/6.10.2/docstring-6.10.2.jar:/Users/ryan/.m2/repository/io/cucumber/html-formatter/12.0.0/html-formatter-12.0.0.jar:/Users/ryan/.m2/repository/io/cucumber/create-meta/3.0.0/create-meta-3.0.0.jar:/Users/ryan/.m2/repository/com/typesafe/config/1.3.1/config-1.3.1.jar:/Users/ryan/.m2/repository/org/imgscalr/imgscalr-lib/4.2/imgscalr-lib-4.2.jar:/Users/ryan/.m2/repository/org/awaitility/awaitility/4.0.3/awaitility-4.0.3.jar:/Users/ryan/.m2/repository/org/freemarker/freemarker/2.3.29/freemarker-2.3.29.jar:/Users/ryan/.m2/repository/net/sourceforge/jexcelapi/jxl/2.6.12/jxl-2.6.12.jar:/Users/ryan/.m2/repository/org/asciidoctor/asciidoctorj/1.5.6/asciidoctorj-1.5.6.jar:/Users/ryan/.m2/repository/org/jruby/jruby-complete/1.7.26/jruby-complete-1.7.26.jar:/Users/ryan/.m2/repository/net/bytebuddy/byte-buddy/1.10.10/byte-buddy-1.10.10.jar:/Users/ryan/.m2/repository/net/bytebuddy/byte-buddy-agent/1.10.10/byte-buddy-agent-1.10.10.jar:/Users/ryan/.m2/repository/org/objenesis/objenesis/3.1/objenesis-3.1.jar:/Users/ryan/.m2/repository/net/serenity-bdd/serenity-reports/2.4.24/serenity-reports-2.4.24.jar:/Users/ryan/.m2/repository/net/serenity-bdd/serenity-stats/2.4.24/serenity-stats-2.4.24.jar:/Users/ryan/.m2/repository/net/serenity-bdd/serenity-reports-configuration/2.4.24/serenity-reports-configuration-2.4.24.jar:/Users/ryan/.m2/repository/com/vladsch/flexmark/flexmark-all/0.34.30/flexmark-all-0.34.30.jar:/Users/ryan/.m2/repository/com/vladsch/flexmark/flexmark/0.34.30/flexmark-0.34.30.jar:/Users/ryan/.m2/repository/com/vladsch/flexmark/flexmark-ext-abbreviation/0.34.30/flexmark-ext-abbreviation-0.34.30.jar:/Users/ryan/.m2/repository/com/vladsch/flexmark/flexmark-ext-admonition/0.34.30/flexmark-ext-admonition-0.34.30.jar:/Users/ryan/.m2/repository/com/vladsch/flexmark/flexmark-ext-anchorlink/0.34.30/flexmark-ext-anchorlink-0.34.30.jar:/Users/ryan/.m2/repository/com/vladsch/flexmark/flexmark-ext-aside/0.34.30/flexmark-ext-aside-0.34.30.jar:/Users/ryan/.m2/repository/com/vladsch/flexmark/flexmark-ext-attributes/0.34.30/flexmark-ext-attributes-0.34.30.jar:/Users/ryan/.m2/repository/com/vladsch/flexmark/flexmark-ext-autolink/0.34.30/flexmark-ext-autolink-0.34.30.jar:/Users/ryan/.m2/repository/org/nibor/autolink/autolink/0.6.0/autolink-0.6.0.jar:/Users/ryan/.m2/repository/com/vladsch/flexmark/flexmark-ext-definition/0.34.30/flexmark-ext-definition-0.34.30.jar:/Users/ryan/.m2/repository/com/vladsch/flexmark/flexmark-ext-emoji/0.34.30/flexmark-ext-emoji-0.34.30.jar:/Users/ryan/.m2/repository/com/vladsch/flexmark/flexmark-ext-enumerated-reference/0.34.30/flexmark-ext-enumerated-reference-0.34.30.jar:/Users/ryan/.m2/repository/com/vladsch/flexmark/flexmark-ext-escaped-character/0.34.30/flexmark-ext-escaped-character-0.34.30.jar:/Users/ryan/.m2/repository/com/vladsch/flexmark/flexmark-ext-footnotes/0.34.30/flexmark-ext-footnotes-0.34.30.jar:/Users/ryan/.m2/repository/com/vladsch/flexmark/flexmark-ext-gfm-issues/0.34.30/flexmark-ext-gfm-issues-0.34.30.jar:/Users/ryan/.m2/repository/com/vladsch/flexmark/flexmark-ext-gfm-strikethrough/0.34.30/flexmark-ext-gfm-strikethrough-0.34.30.jar:/Users/ryan/.m2/repository/com/vladsch/flexmark/flexmark-ext-gfm-tables/0.34.30/flexmark-ext-gfm-tables-0.34.30.jar:/Users/ryan/.m2/repository/com/vladsch/flexmark/flexmark-ext-gfm-tasklist/0.34.30/flexmark-ext-gfm-tasklist-0.34.30.jar:/Users/ryan/.m2/repository/com/vladsch/flexmark/flexmark-ext-gfm-users/0.34.30/flexmark-ext-gfm-users-0.34.30.jar:/Users/ryan/.m2/repository/com/vladsch/flexmark/flexmark-ext-gitlab/0.34.30/flexmark-ext-gitlab-0.34.30.jar:/Users/ryan/.m2/repository/com/vladsch/flexmark/flexmark-ext-jekyll-front-matter/0.34.30/flexmark-ext-jekyll-front-matter-0.34.30.jar:/Users/ryan/.m2/repository/com/vladsch/flexmark/flexmark-ext-jekyll-tag/0.34.30/flexmark-ext-jekyll-tag-0.34.30.jar:/Users/ryan/.m2/repository/com/vladsch/flexmark/flexmark-ext-media-tags/0.34.30/flexmark-ext-media-tags-0.34.30.jar:/Users/ryan/.m2/repository/com/vladsch/flexmark/flexmark-test-util/0.34.30/flexmark-test-util-0.34.30.jar:/Users/ryan/.m2/repository/com/vladsch/flexmark/flexmark-ext-ins/0.34.30/flexmark-ext-ins-0.34.30.jar:/Users/ryan/.m2/repository/com/vladsch/flexmark/flexmark-ext-xwiki-macros/0.34.30/flexmark-ext-xwiki-macros-0.34.30.jar:/Users/ryan/.m2/repository/com/vladsch/flexmark/flexmark-ext-superscript/0.34.30/flexmark-ext-superscript-0.34.30.jar:/Users/ryan/.m2/repository/com/vladsch/flexmark/flexmark-ext-tables/0.34.30/flexmark-ext-tables-0.34.30.jar:/Users/ryan/.m2/repository/com/vladsch/flexmark/flexmark-ext-toc/0.34.30/flexmark-ext-toc-0.34.30.jar:/Users/ryan/.m2/repository/com/vladsch/flexmark/flexmark-ext-typographic/0.34.30/flexmark-ext-typographic-0.34.30.jar:/Users/ryan/.m2/repository/com/vladsch/flexmark/flexmark-ext-wikilink/0.34.30/flexmark-ext-wikilink-0.34.30.jar:/Users/ryan/.m2/repository/com/vladsch/flexmark/flexmark-ext-yaml-front-matter/0.34.30/flexmark-ext-yaml-front-matter-0.34.30.jar:/Users/ryan/.m2/repository/com/vladsch/flexmark/flexmark-ext-youtube-embedded/0.34.30/flexmark-ext-youtube-embedded-0.34.30.jar:/Users/ryan/.m2/repository/com/vladsch/flexmark/flexmark-formatter/0.34.30/flexmark-formatter-0.34.30.jar:/Users/ryan/.m2/repository/com/vladsch/flexmark/flexmark-html-parser/0.34.30/flexmark-html-parser-0.34.30.jar:/Users/ryan/.m2/repository/com/vladsch/flexmark/flexmark-jira-converter/0.34.30/flexmark-jira-converter-0.34.30.jar:/Users/ryan/.m2/repository/com/vladsch/flexmark/flexmark-pdf-converter/0.34.30/flexmark-pdf-converter-0.34.30.jar:/Users/ryan/.m2/repository/com/openhtmltopdf/openhtmltopdf-core/0.0.1-RC13/openhtmltopdf-core-0.0.1-RC13.jar:/Users/ryan/.m2/repository/com/openhtmltopdf/openhtmltopdf-pdfbox/0.0.1-RC13/openhtmltopdf-pdfbox-0.0.1-RC13.jar:/Users/ryan/.m2/repository/org/apache/pdfbox/pdfbox/2.0.8/pdfbox-2.0.8.jar:/Users/ryan/.m2/repository/org/apache/pdfbox/fontbox/2.0.8/fontbox-2.0.8.jar:/Users/ryan/.m2/repository/org/apache/pdfbox/xmpbox/2.0.8/xmpbox-2.0.8.jar:/Users/ryan/.m2/repository/de/rototor/pdfbox/graphics2d/0.12/graphics2d-0.12.jar:/Users/ryan/.m2/repository/com/openhtmltopdf/openhtmltopdf-rtl-support/0.0.1-RC13/openhtmltopdf-rtl-support-0.0.1-RC13.jar:/Users/ryan/.m2/repository/com/ibm/icu/icu4j/59.1/icu4j-59.1.jar:/Users/ryan/.m2/repository/com/openhtmltopdf/openhtmltopdf-jsoup-dom-converter/0.0.1-RC13/openhtmltopdf-jsoup-dom-converter-0.0.1-RC13.jar:/Users/ryan/.m2/repository/com/vladsch/flexmark/flexmark-profile-pegdown/0.34.30/flexmark-profile-pegdown-0.34.30.jar:/Users/ryan/.m2/repository/com/vladsch/flexmark/flexmark-util/0.34.30/flexmark-util-0.34.30.jar:/Users/ryan/.m2/repository/com/vladsch/flexmark/flexmark-youtrack-converter/0.34.30/flexmark-youtrack-converter-0.34.30.jar:/Users/ryan/.m2/repository/es/nitaur/markdown/txtmark/0.16/txtmark-0.16.jar:/Users/ryan/.m2/repository/net/serenity-bdd/serenity-report-resources/2.4.24/serenity-report-resources-2.4.24.jar:/Users/ryan/.m2/repository/com/google/code/gson/gson/2.8.6/gson-2.8.6.jar:/Users/ryan/.m2/repository/commons-codec/commons-codec/1.15/commons-codec-1.15.jar:/Users/ryan/.m2/repository/commons-io/commons-io/2.8.0/commons-io-2.8.0.jar:/Users/ryan/.m2/repository/org/seleniumhq/selenium/selenium-server/3.141.59/selenium-server-3.141.59.jar:/Users/ryan/.m2/repository/org/seleniumhq/selenium/selenium-opera-driver/3.141.59/selenium-opera-driver-3.141.59.jar:/Users/ryan/.m2/repository/org/seleniumhq/selenium/selenium-remote-driver/3.141.59/selenium-remote-driver-3.141.59.jar:/Users/ryan/.m2/repository/org/seleniumhq/selenium/selenium-safari-driver/3.141.59/selenium-safari-driver-3.141.59.jar:/Users/ryan/.m2/repository/com/beust/jcommander/1.72/jcommander-1.72.jar:/Users/ryan/.m2/repository/org/apache/commons/commons-exec/1.3/commons-exec-1.3.jar:/Users/ryan/.m2/repository/net/jcip/jcip-annotations/1.0/jcip-annotations-1.0.jar:/Users/ryan/.m2/repository/org/seleniumhq/selenium/jetty-repacked/9.4.12.v20180830/jetty-repacked-9.4.12.v20180830.jar:/Users/ryan/.m2/repository/com/squareup/okhttp3/okhttp/3.11.0/okhttp-3.11.0.jar:/Users/ryan/.m2/repository/com/squareup/okio/okio/1.14.0/okio-1.14.0.jar:/Users/ryan/.m2/repository/javax/servlet/javax.servlet-api/3.1.0/javax.servlet-api-3.1.0.jar:/Users/ryan/.m2/repository/org/yaml/snakeyaml/1.19/snakeyaml-1.19.jar:/Users/ryan/.m2/repository/org/seleniumhq/selenium/selenium-java/3.141.59/selenium-java-3.141.59.jar:/Users/ryan/.m2/repository/org/seleniumhq/selenium/selenium-api/3.141.59/selenium-api-3.141.59.jar:/Users/ryan/.m2/repository/org/seleniumhq/selenium/selenium-support/3.141.59/selenium-support-3.141.59.jar:/Users/ryan/.m2/repository/org/seleniumhq/selenium/selenium-chrome-driver/3.141.59/selenium-chrome-driver-3.141.59.jar:/Users/ryan/.m2/repository/org/seleniumhq/selenium/selenium-firefox-driver/3.141.59/selenium-firefox-driver-3.141.59.jar:/Users/ryan/.m2/repository/org/seleniumhq/selenium/selenium-edge-driver/3.141.59/selenium-edge-driver-3.141.59.jar:/Users/ryan/.m2/repository/org/seleniumhq/selenium/selenium-ie-driver/3.141.59/selenium-ie-driver-3.141.59.jar:/Users/ryan/.m2/repository/net/sourceforge/htmlunit/htmlunit/2.47.1/htmlunit-2.47.1.jar:/Users/ryan/.m2/repository/xalan/xalan/2.7.2/xalan-2.7.2.jar:/Users/ryan/.m2/repository/xalan/serializer/2.7.2/serializer-2.7.2.jar:/Users/ryan/.m2/repository/net/sourceforge/htmlunit/htmlunit-core-js/2.47.0/htmlunit-core-js-2.47.0.jar:/Users/ryan/.m2/repository/net/sourceforge/htmlunit/neko-htmlunit/2.47.1/neko-htmlunit-2.47.1.jar:/Users/ryan/.m2/repository/xerces/xercesImpl/2.12.0/xercesImpl-2.12.0.jar:/Users/ryan/.m2/repository/xml-apis/xml-apis/1.4.01/xml-apis-1.4.01.jar:/Users/ryan/.m2/repository/net/sourceforge/htmlunit/htmlunit-cssparser/1.7.0/htmlunit-cssparser-1.7.0.jar:/Users/ryan/.m2/repository/org/brotli/dec/0.1.2/dec-0.1.2.jar:/Users/ryan/.m2/repository/com/shapesecurity/salvation2/3.0.0/salvation2-3.0.0.jar:/Users/ryan/.m2/repository/org/eclipse/jetty/websocket/websocket-client/9.4.36.v20210114/websocket-client-9.4.36.v20210114.jar:/Users/ryan/.m2/repository/org/eclipse/jetty/jetty-client/9.4.36.v20210114/jetty-client-9.4.36.v20210114.jar:/Users/ryan/.m2/repository/org/eclipse/jetty/jetty-http/9.4.36.v20210114/jetty-http-9.4.36.v20210114.jar:/Users/ryan/.m2/repository/org/eclipse/jetty/jetty-util/9.4.36.v20210114/jetty-util-9.4.36.v20210114.jar:/Users/ryan/.m2/repository/org/eclipse/jetty/jetty-io/9.4.36.v20210114/jetty-io-9.4.36.v20210114.jar:/Users/ryan/.m2/repository/org/eclipse/jetty/websocket/websocket-common/9.4.36.v20210114/websocket-common-9.4.36.v20210114.jar:/Users/ryan/.m2/repository/org/eclipse/jetty/websocket/websocket-api/9.4.36.v20210114/websocket-api-9.4.36.v20210114.jar:/Users/ryan/.m2/repository/org/seleniumhq/selenium/htmlunit-driver/2.47.1/htmlunit-driver-2.47.1.jar:/Users/ryan/.m2/repository/com/codeborne/phantomjsdriver/1.4.4/phantomjsdriver-1.4.4.jar:/Users/ryan/.m2/repository/io/appium/java-client/7.5.1/java-client-7.5.1.jar:/Users/ryan/.m2/repository/commons-validator/commons-validator/1.7/commons-validator-1.7.jar:/Users/ryan/.m2/repository/commons-digester/commons-digester/2.1/commons-digester-2.1.jar:/Users/ryan/.m2/repository/org/aspectj/aspectjweaver/1.9.6/aspectjweaver-1.9.6.jar:/Users/ryan/.m2/repository/org/codehaus/groovy/groovy/3.0.8/groovy-3.0.8.jar:/Users/ryan/.m2/repository/net/sf/opencsv/opencsv/2.0/opencsv-2.0.jar:/Users/ryan/.m2/repository/commons-beanutils/commons-beanutils/1.9.4/commons-beanutils-1.9.4.jar:/Users/ryan/.m2/repository/org/apache/commons/commons-lang3/3.11/commons-lang3-3.11.jar:/Users/ryan/.m2/repository/commons-collections/commons-collections/3.2.2/commons-collections-3.2.2.jar:/Users/ryan/.m2/repository/org/fluentlenium/fluentlenium-core/0.10.2/fluentlenium-core-0.10.2.jar:/Users/ryan/.m2/repository/io/github/bonigarcia/webdrivermanager/4.4.1/webdrivermanager-4.4.1.jar:/Users/ryan/.m2/repository/org/apache/httpcomponents/client5/httpclient5/5.0.3/httpclient5-5.0.3.jar:/Users/ryan/.m2/repository/org/apache/httpcomponents/core5/httpcore5/5.0.2/httpcore5-5.0.2.jar:/Users/ryan/.m2/repository/org/apache/httpcomponents/core5/httpcore5-h2/5.0.2/httpcore5-h2-5.0.2.jar:/Users/ryan/.m2/repository/org/rauschig/jarchivelib/1.1.0/jarchivelib-1.1.0.jar:/Users/ryan/.m2/repository/org/apache/commons/commons-compress/1.20/commons-compress-1.20.jar:/Users/ryan/.m2/repository/com/jhlabs/filters/2.0.235/filters-2.0.235.jar:/Users/ryan/.m2/repository/com/assertthat/selenium-shutterbug/1.4/selenium-shutterbug-1.4.jar:/Users/ryan/.m2/repository/org/projectlombok/lombok/1.18.8/lombok-1.18.8.jar:/Users/ryan/.m2/repository/com/github/zafarkhaja/java-semver/0.9.0/java-semver-0.9.0.jar:/Users/ryan/.m2/repository/ru/yandex/qatools/ashot/ashot/1.5.4/ashot-1.5.4.jar:/Users/ryan/.m2/repository/com/paulhammant/ngwebdriver/1.1.5/ngwebdriver-1.1.5.jar:/Users/ryan/.m2/repository/joda-time/joda-time/2.8.2/joda-time-2.8.2.jar:/Users/ryan/.m2/repository/org/hamcrest/hamcrest/2.2/hamcrest-2.2.jar:/Users/ryan/.m2/repository/com/google/jimfs/jimfs/1.1/jimfs-1.1.jar:/Users/ryan/.m2/repository/org/mockito/mockito-core/3.3.3/mockito-core-3.3.3.jar:/Users/ryan/.m2/repository/javax/xml/bind/jaxb-api/2.3.1/jaxb-api-2.3.1.jar:/Users/ryan/.m2/repository/javax/activation/javax.activation-api/1.2.0/javax.activation-api-1.2.0.jar:/Users/ryan/.m2/repository/com/sun/xml/bind/jaxb-core/2.3.0.1/jaxb-core-2.3.0.1.jar:/Users/ryan/.m2/repository/com/sun/xml/bind/jaxb-impl/2.3.3/jaxb-impl-2.3.3.jar:/Users/ryan/.m2/repository/jakarta/xml/bind/jakarta.xml.bind-api/2.3.3/jakarta.xml.bind-api-2.3.3.jar:/Users/ryan/.m2/repository/com/sun/activation/jakarta.activation/1.2.2/jakarta.activation-1.2.2.jar:/Users/ryan/.m2/repository/javax/activation/activation/1.1.1/activation-1.1.1.jar:/Users/ryan/.m2/repository/net/serenity-bdd/serenity-cucumber6/2.4.24/serenity-cucumber6-2.4.24.jar:/Users/ryan/.m2/repository/io/cucumber/cucumber-java/6.10.2/cucumber-java-6.10.2.jar:/Users/ryan/.m2/repository/org/apiguardian/apiguardian-api/1.1.1/apiguardian-api-1.1.1.jar:/Users/ryan/.m2/repository/io/cucumber/cucumber-junit/6.10.2/cucumber-junit-6.10.2.jar:/Users/ryan/.m2/repository/io/cucumber/datatable-matchers/3.4.0/datatable-matchers-3.4.0.jar:/Users/ryan/.m2/repository/io/cucumber/datatable/3.4.0/datatable-3.4.0.jar:/Users/ryan/.m2/repository/commons-logging/commons-logging/1.2/commons-logging-1.2.jar:/Users/ryan/.m2/repository/org/apache/commons/commons-csv/1.5/commons-csv-1.5.jar:/Users/ryan/.m2/repository/net/serenity-bdd/serenity-screenplay/2.4.24/serenity-screenplay-2.4.24.jar:/Users/ryan/.m2/repository/net/serenity-bdd/serenity-screenplay-webdriver/2.4.24/serenity-screenplay-webdriver-2.4.24.jar:/Users/ryan/.m2/repository/net/serenity-bdd/serenity-ensure/2.4.24/serenity-ensure-2.4.24.jar:/Users/ryan/.m2/repository/net/serenity-bdd/serenity-junit/2.4.24/serenity-junit-2.4.24.jar:/Users/ryan/.m2/repository/org/jetbrains/kotlin/kotlin-stdlib/1.4.31/kotlin-stdlib-1.4.31.jar:/Users/ryan/.m2/repository/org/jetbrains/kotlin/kotlin-stdlib-common/1.4.31/kotlin-stdlib-common-1.4.31.jar:/Users/ryan/.m2/repository/org/jetbrains/annotations/13.0/annotations-13.0.jar:/Users/ryan/.m2/repository/junit/junit/4.13.1/junit-4.13.1.jar:/Users/ryan/.m2/repository/org/hamcrest/hamcrest-core/1.3/hamcrest-core-1.3.jar:/Users/ryan/.m2/repository/ch/qos/logback/logback-classic/1.0.13/logback-classic-1.0.13.jar:/Users/ryan/.m2/repository/ch/qos/logback/logback-core/1.0.13/logback-core-1.0.13.jar:/Users/ryan/.m2/repository/org/slf4j/slf4j-api/1.7.5/slf4j-api-1.7.5.jar:/Users/ryan/.m2/repository/org/assertj/assertj-core/3.6.2/assertj-core-3.6.2.jar:/Users/ryan/.m2/repository/io/rest-assured/rest-assured/4.3.2/rest-assured-4.3.2.jar:/Users/ryan/.m2/repository/org/codehaus/groovy/groovy-xml/3.0.6/groovy-xml-3.0.6.jar:/Users/ryan/.m2/repository/org/apache/httpcomponents/httpclient/4.5.3/httpclient-4.5.3.jar:/Users/ryan/.m2/repository/org/apache/httpcomponents/httpcore/4.4.6/httpcore-4.4.6.jar:/Users/ryan/.m2/repository/org/apache/httpcomponents/httpmime/4.5.3/httpmime-4.5.3.jar:/Users/ryan/.m2/repository/org/ccil/cowan/tagsoup/tagsoup/1.2.1/tagsoup-1.2.1.jar:/Users/ryan/.m2/repository/io/rest-assured/json-path/4.3.2/json-path-4.3.2.jar:/Users/ryan/.m2/repository/io/rest-assured/rest-assured-common/4.3.2/rest-assured-common-4.3.2.jar:/Users/ryan/.m2/repository/io/rest-assured/xml-path/4.3.2/xml-path-4.3.2.jar:/Users/ryan/.m2/repository/net/serenity-bdd/serenity-rest-assured/2.4.34/serenity-rest-assured-2.4.34.jar:/Users/ryan/.m2/repository/org/codehaus/groovy/groovy-json/3.0.8/groovy-json-3.0.8.jar:/Users/ryan/.m2/repository/org/opentest4j/opentest4j/1.2.0/opentest4j-1.2.0.jar:/Users/ryan/.m2/repository/com/browserstack/browserstack-local-java/1.0.6/browserstack-local-java-1.0.6.jar:/Users/ryan/.m2/repository/org/json/json/20160212/json-20160212.jar:/Users/ryan/.m2/repository/org/apache/maven/surefire/surefire-junit47/3.0.0-M5/surefire-junit47-3.0.0-M5.jar:/Users/ryan/.m2/repository/org/apache/maven/surefire/common-java5/3.0.0-M5/common-java5-3.0.0-M5.jar:/Users/ryan/.m2/repository/org/apache/maven/surefire/common-junit3/3.0.0-M5/common-junit3-3.0.0-M5.jar:/Users/ryan/.m2/repository/org/apache/maven/surefire/common-junit4/3.0.0-M5/common-junit4-3.0.0-M5.jar:/Users/ryan/.m2/repository/org/apache/maven/surefire/common-junit48/3.0.0-M5/common-junit48-3.0.0-M5.jar:/Users/ryan/.m2/repository/org/apache/maven/surefire/surefire-grouper/3.0.0-M5/surefire-grouper-3.0.0-M5.jar"/>
    <property name="sun.management.compiler" value="HotSpot 64-Bit Tiered Compilers"/>
    <property name="ftp.nonProxyHosts" value="local|*.local|169.254/16|*.169.254/16"/>
    <property name="java.runtime.version" value="11.0.10+9"/>
    <property name="user.name" value="ryan"/>
    <property name="path.separator" value=":"/>
    <property name="os.version" value="10.16"/>
    <property name="java.runtime.name" value="OpenJDK Runtime Environment"/>
    <property name="file.encoding" value="UTF-8"/>
    <property name="webdriver.base.url" value=""/>
    <property name="java.vm.name" value="OpenJDK 64-Bit Server VM"/>
    <property name="java.vendor.version" value="AdoptOpenJDK"/>
    <property name="localRepository" value="/Users/ryan/.m2/repository"/>
    <property name="java.vendor.url.bug" value="https://github.com/AdoptOpenJDK/openjdk-support/issues"/>
    <property name="java.io.tmpdir" value="/var/folders/7b/531dpbns4tz_qyd_wndwt4mc0000gn/T/"/>
    <property name="java.version" value="11.0.10"/>
    <property name="user.dir" value="/Users/ryan/Projects/browserstack-integration"/>
    <property name="os.arch" value="x86_64"/>
    <property name="java.vm.specification.name" value="Java Virtual Machine Specification"/>
    <property name="java.awt.printerjob" value="sun.lwawt.macosx.CPrinterJob"/>
    <property name="sun.os.patch.level" value="unknown"/>
    <property name="environment" value="default"/>
    <property name="java.library.path" value="/Users/ryan/Library/Java/Extensions:/Library/Java/Extensions:/Network/Library/Java/Extensions:/System/Library/Java/Extensions:/usr/lib/java:."/>
    <property name="java.vm.info" value="mixed mode"/>
    <property name="java.vendor" value="AdoptOpenJDK"/>
    <property name="java.vm.version" value="11.0.10+9"/>
    <property name="sun.io.unicode.encoding" value="UnicodeBig"/>
    <property name="java.class.version" value="55.0"/>
    <property name="socksNonProxyHosts" value="local|*.local|169.254/16|*.169.254/16"/>
  </properties>
  <testcase name="Navigating to duck duck go and search for the gov.uk website" classname="Duckduckgo automated test" time="4.429">
    <system-out><![CDATA[

2
 Scenarios (
&amp#27;[32m2 passed&amp#27;[0m
)


10
 Steps (
&amp#27;[32m10 passed&amp#27;[0m
)


0m
4.601s






15:42:39.916 [pool-2-thread-1] INFO  n.t.core.reports.ReportService - net.thucydides.core.reports.json.JSONTestOutcomeReporter@58f07f02: Generating report for test outcome: Automated API Test using restassured:GET employee data

15:42:39.917 [pool-2-thread-2] INFO  n.t.core.reports.ReportService - net.thucydides.core.reports.json.JSONTestOutcomeReporter@58f07f02: Generating report for test outcome: Duckduckgo automated test:Navigating to duck duck go and search for the gov.uk website

15:42:39.940 [pool-3-thread-1] INFO  n.t.core.reports.ReportService - net.thucydides.core.reports.html.HtmlAcceptanceTestReporter@46cb98a3: Generating report for test outcome: Automated API Test using restassured:GET employee data

15:42:39.941 [pool-3-thread-2] INFO  n.t.core.reports.ReportService - net.thucydides.core.reports.html.HtmlAcceptanceTestReporter@46cb98a3: Generating report for test outcome: Duckduckgo automated test:Navigating to duck duck go and search for the gov.uk website

15:42:40.637 [main] INFO  i.c.core.plugin.SerenityReporter - Cleanup test resources for URI file:///Users/ryan/Projects/browserstack-integration/src/test/resources/features/UI/duckduckgo.feature

15:42:40.638 [main] INFO  i.c.core.plugin.SerenityReporter - Cleanup test resources for URI file:///Users/ryan/Projects/browserstack-integration/src/test/resources/features/API/ApiTesting.feature


@UITest @all
Scenario: Navigating to duck duck go and search for the gov.uk website &amp#27;[90m# src/test/resources/features/UI/duckduckgo.feature:5&amp#27;[0m
15:42:35.568 [pool-2-thread-2] INFO  i.c.core.plugin.SerenityReporter - Running feature from file:///Users/ryan/Projects/browserstack-integration/src/test/resources/features/UI/duckduckgo.feature
15:42:35.642 [pool-2-thread-2] INFO   - 
  _____   ___   ___   _____     ___   _____     _     ___   _____   ___   ___  
 |_   _| | __| / __| |_   _|   / __| |_   _|   /_\   | _ \ |_   _| | __| |   \ 
   | |   | _|  \__ \   | |     \__ \   | |    / _ \  |   /   | |   | _|  | |) |
   |_|   |___| |___/   |_|     |___/   |_|   /_/ \_\ |_|_\   |_|   |___| |___/ 

Navigating to duck duck go and search for the gov.uk website(duckduckgo-automated-test;navigating-to-duck-duck-go-and-search-for-the-gov.uk-website)
--------------------------------------------------------------------------------
15:42:36.198 [pool-2-thread-2] INFO  n.s.c.w.d.ChromeDriverProvider - Using automatically driver download
15:42:36.458 [pool-2-thread-2] INFO  i.g.bonigarcia.wdm.WebDriverManager - Using chromedriver 92.0.4515.107 (resolved driver for Chrome 92)
15:42:36.462 [pool-2-thread-2] INFO  i.g.bonigarcia.wdm.WebDriverManager - Exporting webdriver.chrome.driver as /Users/ryan/.cache/selenium/chromedriver/mac64/92.0.4515.107/chromedriver
15:42:36.932 [pool-2-thread-2] INFO  n.s.c.w.d.ProvideNewDriver - Instantiating driver
15:42:36.933 [pool-2-thread-2] INFO  n.s.c.w.d.ProvideNewDriver - Driver capabilities: Capabilities {acceptInsecureCerts: false, browserName: chrome, chrome.switches: --start-maximized;--test-ty..., goog:chromeOptions: {args: [--start-maximized, --test-type, --no-sandbox, --ignore-certificate-errors;\n, --disable-popup-blocking, --disable-default-apps, --disable-extensions-file-a..., --incognito, --disable-infobars, --disable-gpu, --headless], extensions: []}, loggingPrefs: org.openqa.selenium.logging...}
  &amp#27;[32mGiven &amp#27;[0m&amp#27;[32mI navigate to duckduckgo&amp#27;[0m                                       &amp#27;[90m# UI.stepdefinitions.UISteps.navigateToDuckDuckGo()&amp#27;[0m
  &amp#27;[32mWhen &amp#27;[0m&amp#27;[32mI enter "&amp#27;[0m&amp#27;[32m&amp#27;[1mHM Revenue & Customs - GOV.UK&amp#27;[0m&amp#27;[32m" in the search field&amp#27;[0m     &amp#27;[90m# UI.stepdefinitions.UISteps.searchFor(java.lang.String)&amp#27;[0m
  &amp#27;[32mAnd &amp#27;[0m&amp#27;[32mI press the search button&amp#27;[0m                                        &amp#27;[90m# UI.stepdefinitions.UISteps.pressButton()&amp#27;[0m
  &amp#27;[32mAnd &amp#27;[0m&amp#27;[32mI select the first link&amp#27;[0m                                          &amp#27;[90m# UI.stepdefinitions.UISteps.clickFirstLinkFromResults()&amp#27;[0m
  &amp#27;[32mThen &amp#27;[0m&amp#27;[32mThe header is "&amp#27;[0m&amp#27;[32m&amp#27;[1mHM Revenue & Customs&amp#27;[0m&amp#27;[32m"&amp#27;[0m                            &amp#27;[90m# UI.stepdefinitions.UISteps.checkPageHeader(java.lang.String)&amp#27;[0m
15:42:39.848 [pool-2-thread-2] INFO   - 
  _____   ___   ___   _____     ___     _     ___   ___   ___   ___  
 |_   _| | __| / __| |_   _|   | _ \   /_\   / __| / __| | __| |   \ 
   | |   | _|  \__ \   | |     |  _/  / _ \  \__ \ \__ \ | _|  | |) |
   |_|   |___| |___/   |_|     |_|   /_/ \_\ |___/ |___/ |___| |___/ 

Navigating to duck duck go and search for the gov.uk website
----------------------------------------------------------------------
]]></system-out>
    <system-err><![CDATA[Starting ChromeDriver 92.0.4515.107 (87a818b10553a07434ea9e2b6dccf3cbe7895134-refs/branch-heads/4515@{#1634}) on port 13433
Only local connections are allowed.
Please see https://chromedriver.chromium.org/security-considerations for suggestions on keeping ChromeDriver safe.
ChromeDriver was started successfully.
Aug 02, 2021 3:42:37 PM org.openqa.selenium.remote.ProtocolHandshake createSession
INFO: Detected dialect: W3C
]]></system-err>
  </testcase>
</testsuite>